[2016-08-10 04:01:13] local.ERROR: exception 'PDOException' with message 'SQLSTATE[HY000] [1049] Unknown database 'blog'' in C:\xampp\htdocs\projectblog\vendor\laravel\framework\src\Illuminate\Database\Connectors\Connector.php:55
Stack trace:
#0 C:\xampp\htdocs\projectblog\vendor\laravel\framework\src\Illuminate\Database\Connectors\Connector.php(55): PDO->__construct('mysql:host=127....', 'root', '', Array)
#1 C:\xampp\htdocs\projectblog\vendor\laravel\framework\src\Illuminate\Database\Connectors\MySqlConnector.php(24): Illuminate\Database\Connectors\Connector->createConnection('mysql:host=127....', Array, Array)
#2 C:\xampp\htdocs\projectblog\vendor\laravel\framework\src\Illuminate\Database\Connectors\ConnectionFactory.php(61): Illuminate\Database\Connectors\MySqlConnector->connect(Array)
#3 [internal function]: Illuminate\Database\Connectors\ConnectionFactory->Illuminate\Database\Connectors\{closure}()
#4 C:\xampp\htdocs\projectblog\vendor\laravel\framework\src\Illuminate\Database\Connection.php(920): call_user_func(Object(Closure))
#5 C:\xampp\htdocs\projectblog\vendor\laravel\framework\src\Illuminate\Database\Connection.php(788): Illuminate\Database\Connection->getPdo()
#6 C:\xampp\htdocs\projectblog\vendor\laravel\framework\src\Illuminate\Database\Connection.php(673): Illuminate\Database\Connection->reconnectIfMissingConnection()
#7 C:\xampp\htdocs\projectblog\vendor\laravel\framework\src\Illuminate\Database\Connection.php(347): Illuminate\Database\Connection->run('select * from i...', Array, Object(Closure))
#8 C:\xampp\htdocs\projectblog\vendor\laravel\framework\src\Illuminate\Database\Schema\MySqlBuilder.php(21): Illuminate\Database\Connection->select('select * from i...', Array)
#9 C:\xampp\htdocs\projectblog\vendor\laravel\framework\src\Illuminate\Database\Migrations\DatabaseMigrationRepository.php(141): Illuminate\Database\Schema\MySqlBuilder->hasTable('migrations')
#10 C:\xampp\htdocs\projectblog\vendor\laravel\framework\src\Illuminate\Database\Migrations\Migrator.php(404): Illuminate\Database\Migrations\DatabaseMigrationRepository->repositoryExists()
#11 C:\xampp\htdocs\projectblog\vendor\laravel\framework\src\Illuminate\Database\Console\Migrations\MigrateCommand.php(103): Illuminate\Database\Migrations\Migrator->repositoryExists()
#12 C:\xampp\htdocs\projectblog\vendor\laravel\framework\src\Illuminate\Database\Console\Migrations\MigrateCommand.php(58): Illuminate\Database\Console\Migrations\MigrateCommand->prepareDatabase()
#13 [internal function]: Illuminate\Database\Console\Migrations\MigrateCommand->fire()
#14 C:\xampp\htdocs\projectblog\vendor\laravel\framework\src\Illuminate\Container\Container.php(507): call_user_func_array(Array, Array)
#15 C:\xampp\htdocs\projectblog\vendor\laravel\framework\src\Illuminate\Console\Command.php(169): Illuminate\Container\Container->call(Array)
#16 C:\xampp\htdocs\projectblog\vendor\symfony\console\Command\Command.php(256): Illuminate\Console\Command->execute(Object(Symfony\Component\Console\Input\ArgvInput), Object(Symfony\Component\Console\Output\ConsoleOutput))
#17 C:\xampp\htdocs\projectblog\vendor\laravel\framework\src\Illuminate\Console\Command.php(155): Symfony\Component\Console\Command\Command->run(Object(Symfony\Component\Console\Input\ArgvInput), Object(Symfony\Component\Console\Output\ConsoleOutput))
#18 C:\xampp\htdocs\projectblog\vendor\symfony\console\Application.php(794): Illuminate\Console\Command->run(Object(Symfony\Component\Console\Input\ArgvInput), Object(Symfony\Component\Console\Output\ConsoleOutput))
#19 C:\xampp\htdocs\projectblog\vendor\symfony\console\Application.php(186): Symfony\Component\Console\Application->doRunCommand(Object(Illuminate\Database\Console\Migrations\MigrateCommand), Object(Symfony\Component\Console\Input\ArgvInput), Object(Symfony\Component\Console\Output\ConsoleOutput))
#20 C:\xampp\htdocs\projectblog\vendor\symfony\console\Application.php(117): Symfony\Component\Console\Application->doRun(Object(Symfony\Component\Console\Input\ArgvInput), Object(Symfony\Component\Console\Output\ConsoleOutput))
#21 C:\xampp\htdocs\projectblog\vendor\laravel\framework\src\Illuminate\Foundation\Console\Kernel.php(107): Symfony\Component\Console\Application->run(Object(Symfony\Component\Console\Input\ArgvInput), Object(Symfony\Component\Console\Output\ConsoleOutput))
#22 C:\xampp\htdocs\projectblog\artisan(36): Illuminate\Foundation\Console\Kernel->handle(Object(Symfony\Component\Console\Input\ArgvInput), Object(Symfony\Component\Console\Output\ConsoleOutput))
#23 {main}  
[2016-08-10 04:04:34] local.ERROR: exception 'Symfony\Component\Console\Exception\CommandNotFoundException' with message 'Command "mig:migration" is not defined.

Did you mean one of these?
    make:migration
    migrate:status
    migrate:refresh
    migrate:reset
    migrate:install
    migrate:rollback
    migrate' in C:\xampp\htdocs\projectblog\vendor\symfony\console\Application.php:515
Stack trace:
#0 C:\xampp\htdocs\projectblog\vendor\symfony\console\Application.php(183): Symfony\Component\Console\Application->find('mig:migration')
#1 C:\xampp\htdocs\projectblog\vendor\symfony\console\Application.php(117): Symfony\Component\Console\Application->doRun(Object(Symfony\Component\Console\Input\ArgvInput), Object(Symfony\Component\Console\Output\ConsoleOutput))
#2 C:\xampp\htdocs\projectblog\vendor\laravel\framework\src\Illuminate\Foundation\Console\Kernel.php(107): Symfony\Component\Console\Application->run(Object(Symfony\Component\Console\Input\ArgvInput), Object(Symfony\Component\Console\Output\ConsoleOutput))
#3 C:\xampp\htdocs\projectblog\artisan(36): Illuminate\Foundation\Console\Kernel->handle(Object(Symfony\Component\Console\Input\ArgvInput), Object(Symfony\Component\Console\Output\ConsoleOutput))
#4 {main}  
[2016-08-10 04:51:02] local.ERROR: exception 'Symfony\Component\Console\Exception\CommandNotFoundException' with message 'Command "make:migrate" is not defined.

Did you mean one of these?
    make:migration
    make:provider
    make:policy
    make:request
    make:seeder
    make:test
    make:model
    make:middleware
    make:controller
    make:console
    make:event
    make:job
    make:listener
    make:auth' in C:\xampp\htdocs\projectblog\vendor\symfony\console\Application.php:515
Stack trace:
#0 C:\xampp\htdocs\projectblog\vendor\symfony\console\Application.php(183): Symfony\Component\Console\Application->find('make:migrate')
#1 C:\xampp\htdocs\projectblog\vendor\symfony\console\Application.php(117): Symfony\Component\Console\Application->doRun(Object(Symfony\Component\Console\Input\ArgvInput), Object(Symfony\Component\Console\Output\ConsoleOutput))
#2 C:\xampp\htdocs\projectblog\vendor\laravel\framework\src\Illuminate\Foundation\Console\Kernel.php(107): Symfony\Component\Console\Application->run(Object(Symfony\Component\Console\Input\ArgvInput), Object(Symfony\Component\Console\Output\ConsoleOutput))
#3 C:\xampp\htdocs\projectblog\artisan(36): Illuminate\Foundation\Console\Kernel->handle(Object(Symfony\Component\Console\Input\ArgvInput), Object(Symfony\Component\Console\Output\ConsoleOutput))
#4 {main}  
[2016-08-11 03:25:04] local.ERROR: exception 'Symfony\Component\Console\Exception\CommandNotFoundException' with message 'Command "migrate:resete" is not defined.

Did you mean one of these?
    migrate:reset
    migrate:refresh
    migrate:status
    migrate:rollback
    migrate:install
    migrate' in C:\xampp\htdocs\projectblog\vendor\symfony\console\Application.php:515
Stack trace:
#0 C:\xampp\htdocs\projectblog\vendor\symfony\console\Application.php(183): Symfony\Component\Console\Application->find('migrate:resete')
#1 C:\xampp\htdocs\projectblog\vendor\symfony\console\Application.php(117): Symfony\Component\Console\Application->doRun(Object(Symfony\Component\Console\Input\ArgvInput), Object(Symfony\Component\Console\Output\ConsoleOutput))
#2 C:\xampp\htdocs\projectblog\vendor\laravel\framework\src\Illuminate\Foundation\Console\Kernel.php(107): Symfony\Component\Console\Application->run(Object(Symfony\Component\Console\Input\ArgvInput), Object(Symfony\Component\Console\Output\ConsoleOutput))
#3 C:\xampp\htdocs\projectblog\artisan(36): Illuminate\Foundation\Console\Kernel->handle(Object(Symfony\Component\Console\Input\ArgvInput), Object(Symfony\Component\Console\Output\ConsoleOutput))
#4 {main}  
[2016-08-11 03:30:57] local.ERROR: exception 'PDOException' with message 'SQLSTATE[42S21]: Column already exists: 1060 Duplicate column name 'grup_id'' in C:\xampp\htdocs\projectblog\vendor\laravel\framework\src\Illuminate\Database\Connection.php:453
Stack trace:
#0 C:\xampp\htdocs\projectblog\vendor\laravel\framework\src\Illuminate\Database\Connection.php(453): PDOStatement->execute(Array)
#1 C:\xampp\htdocs\projectblog\vendor\laravel\framework\src\Illuminate\Database\Connection.php(718): Illuminate\Database\Connection->Illuminate\Database\{closure}(Object(Illuminate\Database\MySqlConnection), 'alter table `us...', Array)
#2 C:\xampp\htdocs\projectblog\vendor\laravel\framework\src\Illuminate\Database\Connection.php(681): Illuminate\Database\Connection->runQueryCallback('alter table `us...', Array, Object(Closure))
#3 C:\xampp\htdocs\projectblog\vendor\laravel\framework\src\Illuminate\Database\Connection.php(454): Illuminate\Database\Connection->run('alter table `us...', Array, Object(Closure))
#4 C:\xampp\htdocs\projectblog\vendor\laravel\framework\src\Illuminate\Database\Schema\Blueprint.php(83): Illuminate\Database\Connection->statement('alter table `us...')
#5 C:\xampp\htdocs\projectblog\vendor\laravel\framework\src\Illuminate\Database\Schema\Builder.php(229): Illuminate\Database\Schema\Blueprint->build(Object(Illuminate\Database\MySqlConnection), Object(Illuminate\Database\Schema\Grammars\MySqlGrammar))
#6 C:\xampp\htdocs\projectblog\vendor\laravel\framework\src\Illuminate\Database\Schema\Builder.php(130): Illuminate\Database\Schema\Builder->build(Object(Illuminate\Database\Schema\Blueprint))
#7 C:\xampp\htdocs\projectblog\vendor\laravel\framework\src\Illuminate\Support\Facades\Facade.php(219): Illuminate\Database\Schema\Builder->table('user', Object(Closure))
#8 C:\xampp\htdocs\projectblog\database\migrations\2016_08_10_040530_tabel_user.php(27): Illuminate\Support\Facades\Facade::__callStatic('table', Array)
#9 C:\xampp\htdocs\projectblog\database\migrations\2016_08_10_040530_tabel_user.php(27): Illuminate\Support\Facades\Schema::table('user', Object(Closure))
#10 C:\xampp\htdocs\projectblog\vendor\laravel\framework\src\Illuminate\Database\Migrations\Migrator.php(147): TabelUser->up()
#11 C:\xampp\htdocs\projectblog\vendor\laravel\framework\src\Illuminate\Database\Migrations\Migrator.php(117): Illuminate\Database\Migrations\Migrator->runUp('2016_08_10_0405...', 1, false)
#12 C:\xampp\htdocs\projectblog\vendor\laravel\framework\src\Illuminate\Database\Migrations\Migrator.php(86): Illuminate\Database\Migrations\Migrator->runMigrationList(Array, Array)
#13 C:\xampp\htdocs\projectblog\vendor\laravel\framework\src\Illuminate\Database\Console\Migrations\MigrateCommand.php(77): Illuminate\Database\Migrations\Migrator->run('C:\\xampp\\htdocs...', Array)
#14 [internal function]: Illuminate\Database\Console\Migrations\MigrateCommand->fire()
#15 C:\xampp\htdocs\projectblog\vendor\laravel\framework\src\Illuminate\Container\Container.php(507): call_user_func_array(Array, Array)
#16 C:\xampp\htdocs\projectblog\vendor\laravel\framework\src\Illuminate\Console\Command.php(169): Illuminate\Container\Container->call(Array)
#17 C:\xampp\htdocs\projectblog\vendor\symfony\console\Command\Command.php(256): Illuminate\Console\Command->execute(Object(Symfony\Component\Console\Input\ArgvInput), Object(Symfony\Component\Console\Output\ConsoleOutput))
#18 C:\xampp\htdocs\projectblog\vendor\laravel\framework\src\Illuminate\Console\Command.php(155): Symfony\Component\Console\Command\Command->run(Object(Symfony\Component\Console\Input\ArgvInput), Object(Symfony\Component\Console\Output\ConsoleOutput))
#19 C:\xampp\htdocs\projectblog\vendor\symfony\console\Application.php(794): Illuminate\Console\Command->run(Object(Symfony\Component\Console\Input\ArgvInput), Object(Symfony\Component\Console\Output\ConsoleOutput))
#20 C:\xampp\htdocs\projectblog\vendor\symfony\console\Application.php(186): Symfony\Component\Console\Application->doRunCommand(Object(Illuminate\Database\Console\Migrations\MigrateCommand), Object(Symfony\Component\Console\Input\ArgvInput), Object(Symfony\Component\Console\Output\ConsoleOutput))
#21 C:\xampp\htdocs\projectblog\vendor\symfony\console\Application.php(117): Symfony\Component\Console\Application->doRun(Object(Symfony\Component\Console\Input\ArgvInput), Object(Symfony\Component\Console\Output\ConsoleOutput))
#22 C:\xampp\htdocs\projectblog\vendor\laravel\framework\src\Illuminate\Foundation\Console\Kernel.php(107): Symfony\Component\Console\Application->run(Object(Symfony\Component\Console\Input\ArgvInput), Object(Symfony\Component\Console\Output\ConsoleOutput))
#23 C:\xampp\htdocs\projectblog\artisan(36): Illuminate\Foundation\Console\Kernel->handle(Object(Symfony\Component\Console\Input\ArgvInput), Object(Symfony\Component\Console\Output\ConsoleOutput))
#24 {main}

Next exception 'Illuminate\Database\QueryException' with message 'SQLSTATE[42S21]: Column already exists: 1060 Duplicate column name 'grup_id' (SQL: alter table `user` add `grup_id` int unsigned not null)' in C:\xampp\htdocs\projectblog\vendor\laravel\framework\src\Illuminate\Database\Connection.php:725
Stack trace:
#0 C:\xampp\htdocs\projectblog\vendor\laravel\framework\src\Illuminate\Database\Connection.php(681): Illuminate\Database\Connection->runQueryCallback('alter table `us...', Array, Object(Closure))
#1 C:\xampp\htdocs\projectblog\vendor\laravel\framework\src\Illuminate\Database\Connection.php(454): Illuminate\Database\Connection->run('alter table `us...', Array, Object(Closure))
#2 C:\xampp\htdocs\projectblog\vendor\laravel\framework\src\Illuminate\Database\Schema\Blueprint.php(83): Illuminate\Database\Connection->statement('alter table `us...')
#3 C:\xampp\htdocs\projectblog\vendor\laravel\framework\src\Illuminate\Database\Schema\Builder.php(229): Illuminate\Database\Schema\Blueprint->build(Object(Illuminate\Database\MySqlConnection), Object(Illuminate\Database\Schema\Grammars\MySqlGrammar))
#4 C:\xampp\htdocs\projectblog\vendor\laravel\framework\src\Illuminate\Database\Schema\Builder.php(130): Illuminate\Database\Schema\Builder->build(Object(Illuminate\Database\Schema\Blueprint))
#5 C:\xampp\htdocs\projectblog\vendor\laravel\framework\src\Illuminate\Support\Facades\Facade.php(219): Illuminate\Database\Schema\Builder->table('user', Object(Closure))
#6 C:\xampp\htdocs\projectblog\database\migrations\2016_08_10_040530_tabel_user.php(27): Illuminate\Support\Facades\Facade::__callStatic('table', Array)
#7 C:\xampp\htdocs\projectblog\database\migrations\2016_08_10_040530_tabel_user.php(27): Illuminate\Support\Facades\Schema::table('user', Object(Closure))
#8 C:\xampp\htdocs\projectblog\vendor\laravel\framework\src\Illuminate\Database\Migrations\Migrator.php(147): TabelUser->up()
#9 C:\xampp\htdocs\projectblog\vendor\laravel\framework\src\Illuminate\Database\Migrations\Migrator.php(117): Illuminate\Database\Migrations\Migrator->runUp('2016_08_10_0405...', 1, false)
#10 C:\xampp\htdocs\projectblog\vendor\laravel\framework\src\Illuminate\Database\Migrations\Migrator.php(86): Illuminate\Database\Migrations\Migrator->runMigrationList(Array, Array)
#11 C:\xampp\htdocs\projectblog\vendor\laravel\framework\src\Illuminate\Database\Console\Migrations\MigrateCommand.php(77): Illuminate\Database\Migrations\Migrator->run('C:\\xampp\\htdocs...', Array)
#12 [internal function]: Illuminate\Database\Console\Migrations\MigrateCommand->fire()
#13 C:\xampp\htdocs\projectblog\vendor\laravel\framework\src\Illuminate\Container\Container.php(507): call_user_func_array(Array, Array)
#14 C:\xampp\htdocs\projectblog\vendor\laravel\framework\src\Illuminate\Console\Command.php(169): Illuminate\Container\Container->call(Array)
#15 C:\xampp\htdocs\projectblog\vendor\symfony\console\Command\Command.php(256): Illuminate\Console\Command->execute(Object(Symfony\Component\Console\Input\ArgvInput), Object(Symfony\Component\Console\Output\ConsoleOutput))
#16 C:\xampp\htdocs\projectblog\vendor\laravel\framework\src\Illuminate\Console\Command.php(155): Symfony\Component\Console\Command\Command->run(Object(Symfony\Component\Console\Input\ArgvInput), Object(Symfony\Component\Console\Output\ConsoleOutput))
#17 C:\xampp\htdocs\projectblog\vendor\symfony\console\Application.php(794): Illuminate\Console\Command->run(Object(Symfony\Component\Console\Input\ArgvInput), Object(Symfony\Component\Console\Output\ConsoleOutput))
#18 C:\xampp\htdocs\projectblog\vendor\symfony\console\Application.php(186): Symfony\Component\Console\Application->doRunCommand(Object(Illuminate\Database\Console\Migrations\MigrateCommand), Object(Symfony\Component\Console\Input\ArgvInput), Object(Symfony\Component\Console\Output\ConsoleOutput))
#19 C:\xampp\htdocs\projectblog\vendor\symfony\console\Application.php(117): Symfony\Component\Console\Application->doRun(Object(Symfony\Component\Console\Input\ArgvInput), Object(Symfony\Component\Console\Output\ConsoleOutput))
#20 C:\xampp\htdocs\projectblog\vendor\laravel\framework\src\Illuminate\Foundation\Console\Kernel.php(107): Symfony\Component\Console\Application->run(Object(Symfony\Component\Console\Input\ArgvInput), Object(Symfony\Component\Console\Output\ConsoleOutput))
#21 C:\xampp\htdocs\projectblog\artisan(36): Illuminate\Foundation\Console\Kernel->handle(Object(Symfony\Component\Console\Input\ArgvInput), Object(Symfony\Component\Console\Output\ConsoleOutput))
#22 {main}  
[2016-08-11 03:32:02] local.ERROR: exception 'PDOException' with message 'SQLSTATE[42S01]: Base table or view already exists: 1050 Table 'user' already exists' in C:\xampp\htdocs\projectblog\vendor\laravel\framework\src\Illuminate\Database\Connection.php:453
Stack trace:
#0 C:\xampp\htdocs\projectblog\vendor\laravel\framework\src\Illuminate\Database\Connection.php(453): PDOStatement->execute(Array)
#1 C:\xampp\htdocs\projectblog\vendor\laravel\framework\src\Illuminate\Database\Connection.php(718): Illuminate\Database\Connection->Illuminate\Database\{closure}(Object(Illuminate\Database\MySqlConnection), 'create table `u...', Array)
#2 C:\xampp\htdocs\projectblog\vendor\laravel\framework\src\Illuminate\Database\Connection.php(681): Illuminate\Database\Connection->runQueryCallback('create table `u...', Array, Object(Closure))
#3 C:\xampp\htdocs\projectblog\vendor\laravel\framework\src\Illuminate\Database\Connection.php(454): Illuminate\Database\Connection->run('create table `u...', Array, Object(Closure))
#4 C:\xampp\htdocs\projectblog\vendor\laravel\framework\src\Illuminate\Database\Schema\Blueprint.php(83): Illuminate\Database\Connection->statement('create table `u...')
#5 C:\xampp\htdocs\projectblog\vendor\laravel\framework\src\Illuminate\Database\Schema\Builder.php(229): Illuminate\Database\Schema\Blueprint->build(Object(Illuminate\Database\MySqlConnection), Object(Illuminate\Database\Schema\Grammars\MySqlGrammar))
#6 C:\xampp\htdocs\projectblog\vendor\laravel\framework\src\Illuminate\Database\Schema\Builder.php(148): Illuminate\Database\Schema\Builder->build(Object(Illuminate\Database\Schema\Blueprint))
#7 C:\xampp\htdocs\projectblog\vendor\laravel\framework\src\Illuminate\Support\Facades\Facade.php(219): Illuminate\Database\Schema\Builder->create('user', Object(Closure))
#8 C:\xampp\htdocs\projectblog\database\migrations\2016_08_10_040530_tabel_user.php(22): Illuminate\Support\Facades\Facade::__callStatic('create', Array)
#9 C:\xampp\htdocs\projectblog\database\migrations\2016_08_10_040530_tabel_user.php(22): Illuminate\Support\Facades\Schema::create('user', Object(Closure))
#10 C:\xampp\htdocs\projectblog\vendor\laravel\framework\src\Illuminate\Database\Migrations\Migrator.php(147): TabelUser->up()
#11 C:\xampp\htdocs\projectblog\vendor\laravel\framework\src\Illuminate\Database\Migrations\Migrator.php(117): Illuminate\Database\Migrations\Migrator->runUp('2016_08_10_0405...', 2, false)
#12 C:\xampp\htdocs\projectblog\vendor\laravel\framework\src\Illuminate\Database\Migrations\Migrator.php(86): Illuminate\Database\Migrations\Migrator->runMigrationList(Array, Array)
#13 C:\xampp\htdocs\projectblog\vendor\laravel\framework\src\Illuminate\Database\Console\Migrations\MigrateCommand.php(77): Illuminate\Database\Migrations\Migrator->run('C:\\xampp\\htdocs...', Array)
#14 [internal function]: Illuminate\Database\Console\Migrations\MigrateCommand->fire()
#15 C:\xampp\htdocs\projectblog\vendor\laravel\framework\src\Illuminate\Container\Container.php(507): call_user_func_array(Array, Array)
#16 C:\xampp\htdocs\projectblog\vendor\laravel\framework\src\Illuminate\Console\Command.php(169): Illuminate\Container\Container->call(Array)
#17 C:\xampp\htdocs\projectblog\vendor\symfony\console\Command\Command.php(256): Illuminate\Console\Command->execute(Object(Symfony\Component\Console\Input\ArgvInput), Object(Symfony\Component\Console\Output\ConsoleOutput))
#18 C:\xampp\htdocs\projectblog\vendor\laravel\framework\src\Illuminate\Console\Command.php(155): Symfony\Component\Console\Command\Command->run(Object(Symfony\Component\Console\Input\ArgvInput), Object(Symfony\Component\Console\Output\ConsoleOutput))
#19 C:\xampp\htdocs\projectblog\vendor\symfony\console\Application.php(794): Illuminate\Console\Command->run(Object(Symfony\Component\Console\Input\ArgvInput), Object(Symfony\Component\Console\Output\ConsoleOutput))
#20 C:\xampp\htdocs\projectblog\vendor\symfony\console\Application.php(186): Symfony\Component\Console\Application->doRunCommand(Object(Illuminate\Database\Console\Migrations\MigrateCommand), Object(Symfony\Component\Console\Input\ArgvInput), Object(Symfony\Component\Console\Output\ConsoleOutput))
#21 C:\xampp\htdocs\projectblog\vendor\symfony\console\Application.php(117): Symfony\Component\Console\Application->doRun(Object(Symfony\Component\Console\Input\ArgvInput), Object(Symfony\Component\Console\Output\ConsoleOutput))
#22 C:\xampp\htdocs\projectblog\vendor\laravel\framework\src\Illuminate\Foundation\Console\Kernel.php(107): Symfony\Component\Console\Application->run(Object(Symfony\Component\Console\Input\ArgvInput), Object(Symfony\Component\Console\Output\ConsoleOutput))
#23 C:\xampp\htdocs\projectblog\artisan(36): Illuminate\Foundation\Console\Kernel->handle(Object(Symfony\Component\Console\Input\ArgvInput), Object(Symfony\Component\Console\Output\ConsoleOutput))
#24 {main}

Next exception 'Illuminate\Database\QueryException' with message 'SQLSTATE[42S01]: Base table or view already exists: 1050 Table 'user' already exists (SQL: create table `user` (`user_id` int unsigned not null auto_increment primary key, `grup_id` int not null, `nama` varchar(255) not null, `username` varchar(255) not null, `password` varchar(255) not null, `email` varchar(255) not null) default character set utf8 collate utf8_unicode_ci)' in C:\xampp\htdocs\projectblog\vendor\laravel\framework\src\Illuminate\Database\Connection.php:725
Stack trace:
#0 C:\xampp\htdocs\projectblog\vendor\laravel\framework\src\Illuminate\Database\Connection.php(681): Illuminate\Database\Connection->runQueryCallback('create table `u...', Array, Object(Closure))
#1 C:\xampp\htdocs\projectblog\vendor\laravel\framework\src\Illuminate\Database\Connection.php(454): Illuminate\Database\Connection->run('create table `u...', Array, Object(Closure))
#2 C:\xampp\htdocs\projectblog\vendor\laravel\framework\src\Illuminate\Database\Schema\Blueprint.php(83): Illuminate\Database\Connection->statement('create table `u...')
#3 C:\xampp\htdocs\projectblog\vendor\laravel\framework\src\Illuminate\Database\Schema\Builder.php(229): Illuminate\Database\Schema\Blueprint->build(Object(Illuminate\Database\MySqlConnection), Object(Illuminate\Database\Schema\Grammars\MySqlGrammar))
#4 C:\xampp\htdocs\projectblog\vendor\laravel\framework\src\Illuminate\Database\Schema\Builder.php(148): Illuminate\Database\Schema\Builder->build(Object(Illuminate\Database\Schema\Blueprint))
#5 C:\xampp\htdocs\projectblog\vendor\laravel\framework\src\Illuminate\Support\Facades\Facade.php(219): Illuminate\Database\Schema\Builder->create('user', Object(Closure))
#6 C:\xampp\htdocs\projectblog\database\migrations\2016_08_10_040530_tabel_user.php(22): Illuminate\Support\Facades\Facade::__callStatic('create', Array)
#7 C:\xampp\htdocs\projectblog\database\migrations\2016_08_10_040530_tabel_user.php(22): Illuminate\Support\Facades\Schema::create('user', Object(Closure))
#8 C:\xampp\htdocs\projectblog\vendor\laravel\framework\src\Illuminate\Database\Migrations\Migrator.php(147): TabelUser->up()
#9 C:\xampp\htdocs\projectblog\vendor\laravel\framework\src\Illuminate\Database\Migrations\Migrator.php(117): Illuminate\Database\Migrations\Migrator->runUp('2016_08_10_0405...', 2, false)
#10 C:\xampp\htdocs\projectblog\vendor\laravel\framework\src\Illuminate\Database\Migrations\Migrator.php(86): Illuminate\Database\Migrations\Migrator->runMigrationList(Array, Array)
#11 C:\xampp\htdocs\projectblog\vendor\laravel\framework\src\Illuminate\Database\Console\Migrations\MigrateCommand.php(77): Illuminate\Database\Migrations\Migrator->run('C:\\xampp\\htdocs...', Array)
#12 [internal function]: Illuminate\Database\Console\Migrations\MigrateCommand->fire()
#13 C:\xampp\htdocs\projectblog\vendor\laravel\framework\src\Illuminate\Container\Container.php(507): call_user_func_array(Array, Array)
#14 C:\xampp\htdocs\projectblog\vendor\laravel\framework\src\Illuminate\Console\Command.php(169): Illuminate\Container\Container->call(Array)
#15 C:\xampp\htdocs\projectblog\vendor\symfony\console\Command\Command.php(256): Illuminate\Console\Command->execute(Object(Symfony\Component\Console\Input\ArgvInput), Object(Symfony\Component\Console\Output\ConsoleOutput))
#16 C:\xampp\htdocs\projectblog\vendor\laravel\framework\src\Illuminate\Console\Command.php(155): Symfony\Component\Console\Command\Command->run(Object(Symfony\Component\Console\Input\ArgvInput), Object(Symfony\Component\Console\Output\ConsoleOutput))
#17 C:\xampp\htdocs\projectblog\vendor\symfony\console\Application.php(794): Illuminate\Console\Command->run(Object(Symfony\Component\Console\Input\ArgvInput), Object(Symfony\Component\Console\Output\ConsoleOutput))
#18 C:\xampp\htdocs\projectblog\vendor\symfony\console\Application.php(186): Symfony\Component\Console\Application->doRunCommand(Object(Illuminate\Database\Console\Migrations\MigrateCommand), Object(Symfony\Component\Console\Input\ArgvInput), Object(Symfony\Component\Console\Output\ConsoleOutput))
#19 C:\xampp\htdocs\projectblog\vendor\symfony\console\Application.php(117): Symfony\Component\Console\Application->doRun(Object(Symfony\Component\Console\Input\ArgvInput), Object(Symfony\Component\Console\Output\ConsoleOutput))
#20 C:\xampp\htdocs\projectblog\vendor\laravel\framework\src\Illuminate\Foundation\Console\Kernel.php(107): Symfony\Component\Console\Application->run(Object(Symfony\Component\Console\Input\ArgvInput), Object(Symfony\Component\Console\Output\ConsoleOutput))
#21 C:\xampp\htdocs\projectblog\artisan(36): Illuminate\Foundation\Console\Kernel->handle(Object(Symfony\Component\Console\Input\ArgvInput), Object(Symfony\Component\Console\Output\ConsoleOutput))
#22 {main}  
[2016-08-11 03:35:40] local.ERROR: exception 'PDOException' with message 'SQLSTATE[42S01]: Base table or view already exists: 1050 Table 'user' already exists' in C:\xampp\htdocs\projectblog\vendor\laravel\framework\src\Illuminate\Database\Connection.php:453
Stack trace:
#0 C:\xampp\htdocs\projectblog\vendor\laravel\framework\src\Illuminate\Database\Connection.php(453): PDOStatement->execute(Array)
#1 C:\xampp\htdocs\projectblog\vendor\laravel\framework\src\Illuminate\Database\Connection.php(718): Illuminate\Database\Connection->Illuminate\Database\{closure}(Object(Illuminate\Database\MySqlConnection), 'create table `u...', Array)
#2 C:\xampp\htdocs\projectblog\vendor\laravel\framework\src\Illuminate\Database\Connection.php(681): Illuminate\Database\Connection->runQueryCallback('create table `u...', Array, Object(Closure))
#3 C:\xampp\htdocs\projectblog\vendor\laravel\framework\src\Illuminate\Database\Connection.php(454): Illuminate\Database\Connection->run('create table `u...', Array, Object(Closure))
#4 C:\xampp\htdocs\projectblog\vendor\laravel\framework\src\Illuminate\Database\Schema\Blueprint.php(83): Illuminate\Database\Connection->statement('create table `u...')
#5 C:\xampp\htdocs\projectblog\vendor\laravel\framework\src\Illuminate\Database\Schema\Builder.php(229): Illuminate\Database\Schema\Blueprint->build(Object(Illuminate\Database\MySqlConnection), Object(Illuminate\Database\Schema\Grammars\MySqlGrammar))
#6 C:\xampp\htdocs\projectblog\vendor\laravel\framework\src\Illuminate\Database\Schema\Builder.php(148): Illuminate\Database\Schema\Builder->build(Object(Illuminate\Database\Schema\Blueprint))
#7 C:\xampp\htdocs\projectblog\vendor\laravel\framework\src\Illuminate\Support\Facades\Facade.php(219): Illuminate\Database\Schema\Builder->create('user', Object(Closure))
#8 C:\xampp\htdocs\projectblog\database\migrations\2016_08_10_040530_tabel_user.php(22): Illuminate\Support\Facades\Facade::__callStatic('create', Array)
#9 C:\xampp\htdocs\projectblog\database\migrations\2016_08_10_040530_tabel_user.php(22): Illuminate\Support\Facades\Schema::create('user', Object(Closure))
#10 C:\xampp\htdocs\projectblog\vendor\laravel\framework\src\Illuminate\Database\Migrations\Migrator.php(147): TabelUser->up()
#11 C:\xampp\htdocs\projectblog\vendor\laravel\framework\src\Illuminate\Database\Migrations\Migrator.php(117): Illuminate\Database\Migrations\Migrator->runUp('2016_08_10_0405...', 2, false)
#12 C:\xampp\htdocs\projectblog\vendor\laravel\framework\src\Illuminate\Database\Migrations\Migrator.php(86): Illuminate\Database\Migrations\Migrator->runMigrationList(Array, Array)
#13 C:\xampp\htdocs\projectblog\vendor\laravel\framework\src\Illuminate\Database\Console\Migrations\MigrateCommand.php(77): Illuminate\Database\Migrations\Migrator->run('C:\\xampp\\htdocs...', Array)
#14 [internal function]: Illuminate\Database\Console\Migrations\MigrateCommand->fire()
#15 C:\xampp\htdocs\projectblog\vendor\laravel\framework\src\Illuminate\Container\Container.php(507): call_user_func_array(Array, Array)
#16 C:\xampp\htdocs\projectblog\vendor\laravel\framework\src\Illuminate\Console\Command.php(169): Illuminate\Container\Container->call(Array)
#17 C:\xampp\htdocs\projectblog\vendor\symfony\console\Command\Command.php(256): Illuminate\Console\Command->execute(Object(Symfony\Component\Console\Input\ArgvInput), Object(Symfony\Component\Console\Output\ConsoleOutput))
#18 C:\xampp\htdocs\projectblog\vendor\laravel\framework\src\Illuminate\Console\Command.php(155): Symfony\Component\Console\Command\Command->run(Object(Symfony\Component\Console\Input\ArgvInput), Object(Symfony\Component\Console\Output\ConsoleOutput))
#19 C:\xampp\htdocs\projectblog\vendor\symfony\console\Application.php(794): Illuminate\Console\Command->run(Object(Symfony\Component\Console\Input\ArgvInput), Object(Symfony\Component\Console\Output\ConsoleOutput))
#20 C:\xampp\htdocs\projectblog\vendor\symfony\console\Application.php(186): Symfony\Component\Console\Application->doRunCommand(Object(Illuminate\Database\Console\Migrations\MigrateCommand), Object(Symfony\Component\Console\Input\ArgvInput), Object(Symfony\Component\Console\Output\ConsoleOutput))
#21 C:\xampp\htdocs\projectblog\vendor\symfony\console\Application.php(117): Symfony\Component\Console\Application->doRun(Object(Symfony\Component\Console\Input\ArgvInput), Object(Symfony\Component\Console\Output\ConsoleOutput))
#22 C:\xampp\htdocs\projectblog\vendor\laravel\framework\src\Illuminate\Foundation\Console\Kernel.php(107): Symfony\Component\Console\Application->run(Object(Symfony\Component\Console\Input\ArgvInput), Object(Symfony\Component\Console\Output\ConsoleOutput))
#23 C:\xampp\htdocs\projectblog\artisan(36): Illuminate\Foundation\Console\Kernel->handle(Object(Symfony\Component\Console\Input\ArgvInput), Object(Symfony\Component\Console\Output\ConsoleOutput))
#24 {main}

Next exception 'Illuminate\Database\QueryException' with message 'SQLSTATE[42S01]: Base table or view already exists: 1050 Table 'user' already exists (SQL: create table `user` (`user_id` int unsigned not null auto_increment primary key, `grup_id` int not null, `nama` varchar(255) not null, `username` varchar(255) not null, `password` varchar(255) not null, `email` varchar(255) not null) default character set utf8 collate utf8_unicode_ci)' in C:\xampp\htdocs\projectblog\vendor\laravel\framework\src\Illuminate\Database\Connection.php:725
Stack trace:
#0 C:\xampp\htdocs\projectblog\vendor\laravel\framework\src\Illuminate\Database\Connection.php(681): Illuminate\Database\Connection->runQueryCallback('create table `u...', Array, Object(Closure))
#1 C:\xampp\htdocs\projectblog\vendor\laravel\framework\src\Illuminate\Database\Connection.php(454): Illuminate\Database\Connection->run('create table `u...', Array, Object(Closure))
#2 C:\xampp\htdocs\projectblog\vendor\laravel\framework\src\Illuminate\Database\Schema\Blueprint.php(83): Illuminate\Database\Connection->statement('create table `u...')
#3 C:\xampp\htdocs\projectblog\vendor\laravel\framework\src\Illuminate\Database\Schema\Builder.php(229): Illuminate\Database\Schema\Blueprint->build(Object(Illuminate\Database\MySqlConnection), Object(Illuminate\Database\Schema\Grammars\MySqlGrammar))
#4 C:\xampp\htdocs\projectblog\vendor\laravel\framework\src\Illuminate\Database\Schema\Builder.php(148): Illuminate\Database\Schema\Builder->build(Object(Illuminate\Database\Schema\Blueprint))
#5 C:\xampp\htdocs\projectblog\vendor\laravel\framework\src\Illuminate\Support\Facades\Facade.php(219): Illuminate\Database\Schema\Builder->create('user', Object(Closure))
#6 C:\xampp\htdocs\projectblog\database\migrations\2016_08_10_040530_tabel_user.php(22): Illuminate\Support\Facades\Facade::__callStatic('create', Array)
#7 C:\xampp\htdocs\projectblog\database\migrations\2016_08_10_040530_tabel_user.php(22): Illuminate\Support\Facades\Schema::create('user', Object(Closure))
#8 C:\xampp\htdocs\projectblog\vendor\laravel\framework\src\Illuminate\Database\Migrations\Migrator.php(147): TabelUser->up()
#9 C:\xampp\htdocs\projectblog\vendor\laravel\framework\src\Illuminate\Database\Migrations\Migrator.php(117): Illuminate\Database\Migrations\Migrator->runUp('2016_08_10_0405...', 2, false)
#10 C:\xampp\htdocs\projectblog\vendor\laravel\framework\src\Illuminate\Database\Migrations\Migrator.php(86): Illuminate\Database\Migrations\Migrator->runMigrationList(Array, Array)
#11 C:\xampp\htdocs\projectblog\vendor\laravel\framework\src\Illuminate\Database\Console\Migrations\MigrateCommand.php(77): Illuminate\Database\Migrations\Migrator->run('C:\\xampp\\htdocs...', Array)
#12 [internal function]: Illuminate\Database\Console\Migrations\MigrateCommand->fire()
#13 C:\xampp\htdocs\projectblog\vendor\laravel\framework\src\Illuminate\Container\Container.php(507): call_user_func_array(Array, Array)
#14 C:\xampp\htdocs\projectblog\vendor\laravel\framework\src\Illuminate\Console\Command.php(169): Illuminate\Container\Container->call(Array)
#15 C:\xampp\htdocs\projectblog\vendor\symfony\console\Command\Command.php(256): Illuminate\Console\Command->execute(Object(Symfony\Component\Console\Input\ArgvInput), Object(Symfony\Component\Console\Output\ConsoleOutput))
#16 C:\xampp\htdocs\projectblog\vendor\laravel\framework\src\Illuminate\Console\Command.php(155): Symfony\Component\Console\Command\Command->run(Object(Symfony\Component\Console\Input\ArgvInput), Object(Symfony\Component\Console\Output\ConsoleOutput))
#17 C:\xampp\htdocs\projectblog\vendor\symfony\console\Application.php(794): Illuminate\Console\Command->run(Object(Symfony\Component\Console\Input\ArgvInput), Object(Symfony\Component\Console\Output\ConsoleOutput))
#18 C:\xampp\htdocs\projectblog\vendor\symfony\console\Application.php(186): Symfony\Component\Console\Application->doRunCommand(Object(Illuminate\Database\Console\Migrations\MigrateCommand), Object(Symfony\Component\Console\Input\ArgvInput), Object(Symfony\Component\Console\Output\ConsoleOutput))
#19 C:\xampp\htdocs\projectblog\vendor\symfony\console\Application.php(117): Symfony\Component\Console\Application->doRun(Object(Symfony\Component\Console\Input\ArgvInput), Object(Symfony\Component\Console\Output\ConsoleOutput))
#20 C:\xampp\htdocs\projectblog\vendor\laravel\framework\src\Illuminate\Foundation\Console\Kernel.php(107): Symfony\Component\Console\Application->run(Object(Symfony\Component\Console\Input\ArgvInput), Object(Symfony\Component\Console\Output\ConsoleOutput))
#21 C:\xampp\htdocs\projectblog\artisan(36): Illuminate\Foundation\Console\Kernel->handle(Object(Symfony\Component\Console\Input\ArgvInput), Object(Symfony\Component\Console\Output\ConsoleOutput))
#22 {main}  
[2016-08-11 03:37:48] local.ERROR: exception 'PDOException' with message 'SQLSTATE[42S01]: Base table or view already exists: 1050 Table 'user' already exists' in C:\xampp\htdocs\projectblog\vendor\laravel\framework\src\Illuminate\Database\Connection.php:453
Stack trace:
#0 C:\xampp\htdocs\projectblog\vendor\laravel\framework\src\Illuminate\Database\Connection.php(453): PDOStatement->execute(Array)
#1 C:\xampp\htdocs\projectblog\vendor\laravel\framework\src\Illuminate\Database\Connection.php(718): Illuminate\Database\Connection->Illuminate\Database\{closure}(Object(Illuminate\Database\MySqlConnection), 'create table `u...', Array)
#2 C:\xampp\htdocs\projectblog\vendor\laravel\framework\src\Illuminate\Database\Connection.php(681): Illuminate\Database\Connection->runQueryCallback('create table `u...', Array, Object(Closure))
#3 C:\xampp\htdocs\projectblog\vendor\laravel\framework\src\Illuminate\Database\Connection.php(454): Illuminate\Database\Connection->run('create table `u...', Array, Object(Closure))
#4 C:\xampp\htdocs\projectblog\vendor\laravel\framework\src\Illuminate\Database\Schema\Blueprint.php(83): Illuminate\Database\Connection->statement('create table `u...')
#5 C:\xampp\htdocs\projectblog\vendor\laravel\framework\src\Illuminate\Database\Schema\Builder.php(229): Illuminate\Database\Schema\Blueprint->build(Object(Illuminate\Database\MySqlConnection), Object(Illuminate\Database\Schema\Grammars\MySqlGrammar))
#6 C:\xampp\htdocs\projectblog\vendor\laravel\framework\src\Illuminate\Database\Schema\Builder.php(148): Illuminate\Database\Schema\Builder->build(Object(Illuminate\Database\Schema\Blueprint))
#7 C:\xampp\htdocs\projectblog\vendor\laravel\framework\src\Illuminate\Support\Facades\Facade.php(219): Illuminate\Database\Schema\Builder->create('user', Object(Closure))
#8 C:\xampp\htdocs\projectblog\database\migrations\2016_08_10_040530_tabel_user.php(22): Illuminate\Support\Facades\Facade::__callStatic('create', Array)
#9 C:\xampp\htdocs\projectblog\database\migrations\2016_08_10_040530_tabel_user.php(22): Illuminate\Support\Facades\Schema::create('user', Object(Closure))
#10 C:\xampp\htdocs\projectblog\vendor\laravel\framework\src\Illuminate\Database\Migrations\Migrator.php(147): TabelUser->up()
#11 C:\xampp\htdocs\projectblog\vendor\laravel\framework\src\Illuminate\Database\Migrations\Migrator.php(117): Illuminate\Database\Migrations\Migrator->runUp('2016_08_10_0405...', 1, false)
#12 C:\xampp\htdocs\projectblog\vendor\laravel\framework\src\Illuminate\Database\Migrations\Migrator.php(86): Illuminate\Database\Migrations\Migrator->runMigrationList(Array, Array)
#13 C:\xampp\htdocs\projectblog\vendor\laravel\framework\src\Illuminate\Database\Console\Migrations\MigrateCommand.php(77): Illuminate\Database\Migrations\Migrator->run('C:\\xampp\\htdocs...', Array)
#14 [internal function]: Illuminate\Database\Console\Migrations\MigrateCommand->fire()
#15 C:\xampp\htdocs\projectblog\vendor\laravel\framework\src\Illuminate\Container\Container.php(507): call_user_func_array(Array, Array)
#16 C:\xampp\htdocs\projectblog\vendor\laravel\framework\src\Illuminate\Console\Command.php(169): Illuminate\Container\Container->call(Array)
#17 C:\xampp\htdocs\projectblog\vendor\symfony\console\Command\Command.php(256): Illuminate\Console\Command->execute(Object(Symfony\Component\Console\Input\ArgvInput), Object(Symfony\Component\Console\Output\ConsoleOutput))
#18 C:\xampp\htdocs\projectblog\vendor\laravel\framework\src\Illuminate\Console\Command.php(155): Symfony\Component\Console\Command\Command->run(Object(Symfony\Component\Console\Input\ArgvInput), Object(Symfony\Component\Console\Output\ConsoleOutput))
#19 C:\xampp\htdocs\projectblog\vendor\symfony\console\Application.php(794): Illuminate\Console\Command->run(Object(Symfony\Component\Console\Input\ArgvInput), Object(Symfony\Component\Console\Output\ConsoleOutput))
#20 C:\xampp\htdocs\projectblog\vendor\symfony\console\Application.php(186): Symfony\Component\Console\Application->doRunCommand(Object(Illuminate\Database\Console\Migrations\MigrateCommand), Object(Symfony\Component\Console\Input\ArgvInput), Object(Symfony\Component\Console\Output\ConsoleOutput))
#21 C:\xampp\htdocs\projectblog\vendor\symfony\console\Application.php(117): Symfony\Component\Console\Application->doRun(Object(Symfony\Component\Console\Input\ArgvInput), Object(Symfony\Component\Console\Output\ConsoleOutput))
#22 C:\xampp\htdocs\projectblog\vendor\laravel\framework\src\Illuminate\Foundation\Console\Kernel.php(107): Symfony\Component\Console\Application->run(Object(Symfony\Component\Console\Input\ArgvInput), Object(Symfony\Component\Console\Output\ConsoleOutput))
#23 C:\xampp\htdocs\projectblog\artisan(36): Illuminate\Foundation\Console\Kernel->handle(Object(Symfony\Component\Console\Input\ArgvInput), Object(Symfony\Component\Console\Output\ConsoleOutput))
#24 {main}

Next exception 'Illuminate\Database\QueryException' with message 'SQLSTATE[42S01]: Base table or view already exists: 1050 Table 'user' already exists (SQL: create table `user` (`user_id` int unsigned not null auto_increment primary key, `grup_id` int not null, `nama` varchar(255) not null, `username` varchar(255) not null, `password` varchar(255) not null, `email` varchar(255) not null) default character set utf8 collate utf8_unicode_ci)' in C:\xampp\htdocs\projectblog\vendor\laravel\framework\src\Illuminate\Database\Connection.php:725
Stack trace:
#0 C:\xampp\htdocs\projectblog\vendor\laravel\framework\src\Illuminate\Database\Connection.php(681): Illuminate\Database\Connection->runQueryCallback('create table `u...', Array, Object(Closure))
#1 C:\xampp\htdocs\projectblog\vendor\laravel\framework\src\Illuminate\Database\Connection.php(454): Illuminate\Database\Connection->run('create table `u...', Array, Object(Closure))
#2 C:\xampp\htdocs\projectblog\vendor\laravel\framework\src\Illuminate\Database\Schema\Blueprint.php(83): Illuminate\Database\Connection->statement('create table `u...')
#3 C:\xampp\htdocs\projectblog\vendor\laravel\framework\src\Illuminate\Database\Schema\Builder.php(229): Illuminate\Database\Schema\Blueprint->build(Object(Illuminate\Database\MySqlConnection), Object(Illuminate\Database\Schema\Grammars\MySqlGrammar))
#4 C:\xampp\htdocs\projectblog\vendor\laravel\framework\src\Illuminate\Database\Schema\Builder.php(148): Illuminate\Database\Schema\Builder->build(Object(Illuminate\Database\Schema\Blueprint))
#5 C:\xampp\htdocs\projectblog\vendor\laravel\framework\src\Illuminate\Support\Facades\Facade.php(219): Illuminate\Database\Schema\Builder->create('user', Object(Closure))
#6 C:\xampp\htdocs\projectblog\database\migrations\2016_08_10_040530_tabel_user.php(22): Illuminate\Support\Facades\Facade::__callStatic('create', Array)
#7 C:\xampp\htdocs\projectblog\database\migrations\2016_08_10_040530_tabel_user.php(22): Illuminate\Support\Facades\Schema::create('user', Object(Closure))
#8 C:\xampp\htdocs\projectblog\vendor\laravel\framework\src\Illuminate\Database\Migrations\Migrator.php(147): TabelUser->up()
#9 C:\xampp\htdocs\projectblog\vendor\laravel\framework\src\Illuminate\Database\Migrations\Migrator.php(117): Illuminate\Database\Migrations\Migrator->runUp('2016_08_10_0405...', 1, false)
#10 C:\xampp\htdocs\projectblog\vendor\laravel\framework\src\Illuminate\Database\Migrations\Migrator.php(86): Illuminate\Database\Migrations\Migrator->runMigrationList(Array, Array)
#11 C:\xampp\htdocs\projectblog\vendor\laravel\framework\src\Illuminate\Database\Console\Migrations\MigrateCommand.php(77): Illuminate\Database\Migrations\Migrator->run('C:\\xampp\\htdocs...', Array)
#12 [internal function]: Illuminate\Database\Console\Migrations\MigrateCommand->fire()
#13 C:\xampp\htdocs\projectblog\vendor\laravel\framework\src\Illuminate\Container\Container.php(507): call_user_func_array(Array, Array)
#14 C:\xampp\htdocs\projectblog\vendor\laravel\framework\src\Illuminate\Console\Command.php(169): Illuminate\Container\Container->call(Array)
#15 C:\xampp\htdocs\projectblog\vendor\symfony\console\Command\Command.php(256): Illuminate\Console\Command->execute(Object(Symfony\Component\Console\Input\ArgvInput), Object(Symfony\Component\Console\Output\ConsoleOutput))
#16 C:\xampp\htdocs\projectblog\vendor\laravel\framework\src\Illuminate\Console\Command.php(155): Symfony\Component\Console\Command\Command->run(Object(Symfony\Component\Console\Input\ArgvInput), Object(Symfony\Component\Console\Output\ConsoleOutput))
#17 C:\xampp\htdocs\projectblog\vendor\symfony\console\Application.php(794): Illuminate\Console\Command->run(Object(Symfony\Component\Console\Input\ArgvInput), Object(Symfony\Component\Console\Output\ConsoleOutput))
#18 C:\xampp\htdocs\projectblog\vendor\symfony\console\Application.php(186): Symfony\Component\Console\Application->doRunCommand(Object(Illuminate\Database\Console\Migrations\MigrateCommand), Object(Symfony\Component\Console\Input\ArgvInput), Object(Symfony\Component\Console\Output\ConsoleOutput))
#19 C:\xampp\htdocs\projectblog\vendor\symfony\console\Application.php(117): Symfony\Component\Console\Application->doRun(Object(Symfony\Component\Console\Input\ArgvInput), Object(Symfony\Component\Console\Output\ConsoleOutput))
#20 C:\xampp\htdocs\projectblog\vendor\laravel\framework\src\Illuminate\Foundation\Console\Kernel.php(107): Symfony\Component\Console\Application->run(Object(Symfony\Component\Console\Input\ArgvInput), Object(Symfony\Component\Console\Output\ConsoleOutput))
#21 C:\xampp\htdocs\projectblog\artisan(36): Illuminate\Foundation\Console\Kernel->handle(Object(Symfony\Component\Console\Input\ArgvInput), Object(Symfony\Component\Console\Output\ConsoleOutput))
#22 {main}  
[2016-08-11 03:39:30] local.ERROR: exception 'PDOException' with message 'SQLSTATE[42S01]: Base table or view already exists: 1050 Table 'user' already exists' in C:\xampp\htdocs\projectblog\vendor\laravel\framework\src\Illuminate\Database\Connection.php:453
Stack trace:
#0 C:\xampp\htdocs\projectblog\vendor\laravel\framework\src\Illuminate\Database\Connection.php(453): PDOStatement->execute(Array)
#1 C:\xampp\htdocs\projectblog\vendor\laravel\framework\src\Illuminate\Database\Connection.php(718): Illuminate\Database\Connection->Illuminate\Database\{closure}(Object(Illuminate\Database\MySqlConnection), 'create table `u...', Array)
#2 C:\xampp\htdocs\projectblog\vendor\laravel\framework\src\Illuminate\Database\Connection.php(681): Illuminate\Database\Connection->runQueryCallback('create table `u...', Array, Object(Closure))
#3 C:\xampp\htdocs\projectblog\vendor\laravel\framework\src\Illuminate\Database\Connection.php(454): Illuminate\Database\Connection->run('create table `u...', Array, Object(Closure))
#4 C:\xampp\htdocs\projectblog\vendor\laravel\framework\src\Illuminate\Database\Schema\Blueprint.php(83): Illuminate\Database\Connection->statement('create table `u...')
#5 C:\xampp\htdocs\projectblog\vendor\laravel\framework\src\Illuminate\Database\Schema\Builder.php(229): Illuminate\Database\Schema\Blueprint->build(Object(Illuminate\Database\MySqlConnection), Object(Illuminate\Database\Schema\Grammars\MySqlGrammar))
#6 C:\xampp\htdocs\projectblog\vendor\laravel\framework\src\Illuminate\Database\Schema\Builder.php(148): Illuminate\Database\Schema\Builder->build(Object(Illuminate\Database\Schema\Blueprint))
#7 C:\xampp\htdocs\projectblog\vendor\laravel\framework\src\Illuminate\Support\Facades\Facade.php(219): Illuminate\Database\Schema\Builder->create('user', Object(Closure))
#8 C:\xampp\htdocs\projectblog\database\migrations\2016_08_10_040530_tabel_user.php(22): Illuminate\Support\Facades\Facade::__callStatic('create', Array)
#9 C:\xampp\htdocs\projectblog\database\migrations\2016_08_10_040530_tabel_user.php(22): Illuminate\Support\Facades\Schema::create('user', Object(Closure))
#10 C:\xampp\htdocs\projectblog\vendor\laravel\framework\src\Illuminate\Database\Migrations\Migrator.php(147): TabelUser->up()
#11 C:\xampp\htdocs\projectblog\vendor\laravel\framework\src\Illuminate\Database\Migrations\Migrator.php(117): Illuminate\Database\Migrations\Migrator->runUp('2016_08_10_0405...', 1, false)
#12 C:\xampp\htdocs\projectblog\vendor\laravel\framework\src\Illuminate\Database\Migrations\Migrator.php(86): Illuminate\Database\Migrations\Migrator->runMigrationList(Array, Array)
#13 C:\xampp\htdocs\projectblog\vendor\laravel\framework\src\Illuminate\Database\Console\Migrations\MigrateCommand.php(77): Illuminate\Database\Migrations\Migrator->run('C:\\xampp\\htdocs...', Array)
#14 [internal function]: Illuminate\Database\Console\Migrations\MigrateCommand->fire()
#15 C:\xampp\htdocs\projectblog\vendor\laravel\framework\src\Illuminate\Container\Container.php(507): call_user_func_array(Array, Array)
#16 C:\xampp\htdocs\projectblog\vendor\laravel\framework\src\Illuminate\Console\Command.php(169): Illuminate\Container\Container->call(Array)
#17 C:\xampp\htdocs\projectblog\vendor\symfony\console\Command\Command.php(256): Illuminate\Console\Command->execute(Object(Symfony\Component\Console\Input\ArgvInput), Object(Symfony\Component\Console\Output\ConsoleOutput))
#18 C:\xampp\htdocs\projectblog\vendor\laravel\framework\src\Illuminate\Console\Command.php(155): Symfony\Component\Console\Command\Command->run(Object(Symfony\Component\Console\Input\ArgvInput), Object(Symfony\Component\Console\Output\ConsoleOutput))
#19 C:\xampp\htdocs\projectblog\vendor\symfony\console\Application.php(794): Illuminate\Console\Command->run(Object(Symfony\Component\Console\Input\ArgvInput), Object(Symfony\Component\Console\Output\ConsoleOutput))
#20 C:\xampp\htdocs\projectblog\vendor\symfony\console\Application.php(186): Symfony\Component\Console\Application->doRunCommand(Object(Illuminate\Database\Console\Migrations\MigrateCommand), Object(Symfony\Component\Console\Input\ArgvInput), Object(Symfony\Component\Console\Output\ConsoleOutput))
#21 C:\xampp\htdocs\projectblog\vendor\symfony\console\Application.php(117): Symfony\Component\Console\Application->doRun(Object(Symfony\Component\Console\Input\ArgvInput), Object(Symfony\Component\Console\Output\ConsoleOutput))
#22 C:\xampp\htdocs\projectblog\vendor\laravel\framework\src\Illuminate\Foundation\Console\Kernel.php(107): Symfony\Component\Console\Application->run(Object(Symfony\Component\Console\Input\ArgvInput), Object(Symfony\Component\Console\Output\ConsoleOutput))
#23 C:\xampp\htdocs\projectblog\artisan(36): Illuminate\Foundation\Console\Kernel->handle(Object(Symfony\Component\Console\Input\ArgvInput), Object(Symfony\Component\Console\Output\ConsoleOutput))
#24 {main}

Next exception 'Illuminate\Database\QueryException' with message 'SQLSTATE[42S01]: Base table or view already exists: 1050 Table 'user' already exists (SQL: create table `user` (`user_id` int unsigned not null auto_increment primary key, `grup_id` int not null, `nama` varchar(255) not null, `username` varchar(255) not null, `password` varchar(255) not null, `email` varchar(255) not null) default character set utf8 collate utf8_unicode_ci)' in C:\xampp\htdocs\projectblog\vendor\laravel\framework\src\Illuminate\Database\Connection.php:725
Stack trace:
#0 C:\xampp\htdocs\projectblog\vendor\laravel\framework\src\Illuminate\Database\Connection.php(681): Illuminate\Database\Connection->runQueryCallback('create table `u...', Array, Object(Closure))
#1 C:\xampp\htdocs\projectblog\vendor\laravel\framework\src\Illuminate\Database\Connection.php(454): Illuminate\Database\Connection->run('create table `u...', Array, Object(Closure))
#2 C:\xampp\htdocs\projectblog\vendor\laravel\framework\src\Illuminate\Database\Schema\Blueprint.php(83): Illuminate\Database\Connection->statement('create table `u...')
#3 C:\xampp\htdocs\projectblog\vendor\laravel\framework\src\Illuminate\Database\Schema\Builder.php(229): Illuminate\Database\Schema\Blueprint->build(Object(Illuminate\Database\MySqlConnection), Object(Illuminate\Database\Schema\Grammars\MySqlGrammar))
#4 C:\xampp\htdocs\projectblog\vendor\laravel\framework\src\Illuminate\Database\Schema\Builder.php(148): Illuminate\Database\Schema\Builder->build(Object(Illuminate\Database\Schema\Blueprint))
#5 C:\xampp\htdocs\projectblog\vendor\laravel\framework\src\Illuminate\Support\Facades\Facade.php(219): Illuminate\Database\Schema\Builder->create('user', Object(Closure))
#6 C:\xampp\htdocs\projectblog\database\migrations\2016_08_10_040530_tabel_user.php(22): Illuminate\Support\Facades\Facade::__callStatic('create', Array)
#7 C:\xampp\htdocs\projectblog\database\migrations\2016_08_10_040530_tabel_user.php(22): Illuminate\Support\Facades\Schema::create('user', Object(Closure))
#8 C:\xampp\htdocs\projectblog\vendor\laravel\framework\src\Illuminate\Database\Migrations\Migrator.php(147): TabelUser->up()
#9 C:\xampp\htdocs\projectblog\vendor\laravel\framework\src\Illuminate\Database\Migrations\Migrator.php(117): Illuminate\Database\Migrations\Migrator->runUp('2016_08_10_0405...', 1, false)
#10 C:\xampp\htdocs\projectblog\vendor\laravel\framework\src\Illuminate\Database\Migrations\Migrator.php(86): Illuminate\Database\Migrations\Migrator->runMigrationList(Array, Array)
#11 C:\xampp\htdocs\projectblog\vendor\laravel\framework\src\Illuminate\Database\Console\Migrations\MigrateCommand.php(77): Illuminate\Database\Migrations\Migrator->run('C:\\xampp\\htdocs...', Array)
#12 [internal function]: Illuminate\Database\Console\Migrations\MigrateCommand->fire()
#13 C:\xampp\htdocs\projectblog\vendor\laravel\framework\src\Illuminate\Container\Container.php(507): call_user_func_array(Array, Array)
#14 C:\xampp\htdocs\projectblog\vendor\laravel\framework\src\Illuminate\Console\Command.php(169): Illuminate\Container\Container->call(Array)
#15 C:\xampp\htdocs\projectblog\vendor\symfony\console\Command\Command.php(256): Illuminate\Console\Command->execute(Object(Symfony\Component\Console\Input\ArgvInput), Object(Symfony\Component\Console\Output\ConsoleOutput))
#16 C:\xampp\htdocs\projectblog\vendor\laravel\framework\src\Illuminate\Console\Command.php(155): Symfony\Component\Console\Command\Command->run(Object(Symfony\Component\Console\Input\ArgvInput), Object(Symfony\Component\Console\Output\ConsoleOutput))
#17 C:\xampp\htdocs\projectblog\vendor\symfony\console\Application.php(794): Illuminate\Console\Command->run(Object(Symfony\Component\Console\Input\ArgvInput), Object(Symfony\Component\Console\Output\ConsoleOutput))
#18 C:\xampp\htdocs\projectblog\vendor\symfony\console\Application.php(186): Symfony\Component\Console\Application->doRunCommand(Object(Illuminate\Database\Console\Migrations\MigrateCommand), Object(Symfony\Component\Console\Input\ArgvInput), Object(Symfony\Component\Console\Output\ConsoleOutput))
#19 C:\xampp\htdocs\projectblog\vendor\symfony\console\Application.php(117): Symfony\Component\Console\Application->doRun(Object(Symfony\Component\Console\Input\ArgvInput), Object(Symfony\Component\Console\Output\ConsoleOutput))
#20 C:\xampp\htdocs\projectblog\vendor\laravel\framework\src\Illuminate\Foundation\Console\Kernel.php(107): Symfony\Component\Console\Application->run(Object(Symfony\Component\Console\Input\ArgvInput), Object(Symfony\Component\Console\Output\ConsoleOutput))
#21 C:\xampp\htdocs\projectblog\artisan(36): Illuminate\Foundation\Console\Kernel->handle(Object(Symfony\Component\Console\Input\ArgvInput), Object(Symfony\Component\Console\Output\ConsoleOutput))
#22 {main}  
